<?xml version="1.0" encoding="UTF-8"?>
<!-- Generated by org.testng.reporters.JUnitReportReporter -->
<testsuite skipped="0" hostname="DESKTOP-5N2O2MN" name="com.weightwatchers.tests.WeightWatchersTest" tests="6" failures="0" timestamp="2021-03-03T07:24:08 EST" time="57.413" errors="0">
  <testcase name="VerifyHomePageTitleTest" time="0.155" classname="com.weightwatchers.tests.WeightWatchersTest"/>
  <system-out/>
  <testcase name="VerifyFindNavigationWorkshopTest" time="10.872" classname="com.weightwatchers.tests.WeightWatchersTest"/>
  <system-out/>
  <testcase name="SearchAndPrintResultsTest" time="7.205" classname="com.weightwatchers.tests.WeightWatchersTest"/>
  <system-out/>
  <testcase name="VerifyLocationAndTitleTest" time="12.548" classname="com.weightwatchers.tests.WeightWatchersTest"/>
  <system-out/>
  <testcase name="PrintBusinessHoursTest" time="6.285" classname="com.weightwatchers.tests.WeightWatchersTest"/>
  <system-out/>
  <testcase name="PrintMeetingsDetailsTest" time="20.348" classname="com.weightwatchers.tests.WeightWatchersTest"/>
  <system-out/>
</testsuite> <!-- com.weightwatchers.tests.WeightWatchersTest -->
