<?xml version="1.0" encoding="UTF-8"?>
<!-- Generated by org.testng.reporters.JUnitReportReporter -->
<testsuite skipped="0" hostname="DESKTOP-5N2O2MN" name="com.weightwatchers.tests.WeightWatchersTest" tests="6" failures="0" timestamp="2021-03-03T07:36:24 EST" time="55.023" errors="0">
  <testcase name="VerifyHomePageTitleTest" time="1.237" classname="com.weightwatchers.tests.WeightWatchersTest"/>
  <system-out/>
  <testcase name="VerifyFindNavigationWorkshopTest" time="9.093" classname="com.weightwatchers.tests.WeightWatchersTest"/>
  <system-out/>
  <testcase name="SearchAndPrintResultsTest" time="6.878" classname="com.weightwatchers.tests.WeightWatchersTest"/>
  <system-out/>
  <testcase name="VerifyLocationAndTitleTest" time="11.421" classname="com.weightwatchers.tests.WeightWatchersTest"/>
  <system-out/>
  <testcase name="PrintBusinessHoursTest" time="6.264" classname="com.weightwatchers.tests.WeightWatchersTest"/>
  <system-out/>
  <testcase name="PrintMeetingsDetailsTest" time="20.130" classname="com.weightwatchers.tests.WeightWatchersTest"/>
  <system-out/>
</testsuite> <!-- com.weightwatchers.tests.WeightWatchersTest -->
